  Matrix.cpp
D:\Avans\Minor\periode 2\LinearAlgabra\LinearAlga_opdr1\LinearAlga_opdr1\Matrix.cpp(7,25): warning C4244: '=': conversion from 'unsigned __int64' to 'float', possible loss of data
D:\Avans\Minor\periode 2\LinearAlgabra\LinearAlga_opdr1\LinearAlga_opdr1\Matrix.cpp(16,25): warning C4244: '=': conversion from 'unsigned __int64' to 'float', possible loss of data
D:\Avans\Minor\periode 2\LinearAlgabra\LinearAlga_opdr1\LinearAlga_opdr1\Matrix.cpp(26,25): warning C4244: '=': conversion from 'unsigned __int64' to 'float', possible loss of data
D:\Avans\Minor\periode 2\LinearAlgabra\LinearAlga_opdr1\LinearAlga_opdr1\Matrix.cpp(169,23): warning C4244: '=': conversion from '_Ty' to 'int', possible loss of data
D:\Avans\Minor\periode 2\LinearAlgabra\LinearAlga_opdr1\LinearAlga_opdr1\Matrix.cpp(169,23): warning C4244:         with
D:\Avans\Minor\periode 2\LinearAlgabra\LinearAlga_opdr1\LinearAlga_opdr1\Matrix.cpp(169,23): warning C4244:         [
D:\Avans\Minor\periode 2\LinearAlgabra\LinearAlga_opdr1\LinearAlga_opdr1\Matrix.cpp(169,23): warning C4244:             _Ty=float
D:\Avans\Minor\periode 2\LinearAlgabra\LinearAlga_opdr1\LinearAlga_opdr1\Matrix.cpp(169,23): warning C4244:         ]
D:\Avans\Minor\periode 2\LinearAlgabra\LinearAlga_opdr1\LinearAlga_opdr1\Matrix.cpp(170,23): warning C4244: '=': conversion from '_Ty' to 'int', possible loss of data
D:\Avans\Minor\periode 2\LinearAlgabra\LinearAlga_opdr1\LinearAlga_opdr1\Matrix.cpp(170,23): warning C4244:         with
D:\Avans\Minor\periode 2\LinearAlgabra\LinearAlga_opdr1\LinearAlga_opdr1\Matrix.cpp(170,23): warning C4244:         [
D:\Avans\Minor\periode 2\LinearAlgabra\LinearAlga_opdr1\LinearAlga_opdr1\Matrix.cpp(170,23): warning C4244:             _Ty=float
D:\Avans\Minor\periode 2\LinearAlgabra\LinearAlga_opdr1\LinearAlga_opdr1\Matrix.cpp(170,23): warning C4244:         ]
D:\Avans\Minor\periode 2\LinearAlgabra\LinearAlga_opdr1\LinearAlga_opdr1\Matrix.cpp(172,24): warning C4244: '+=': conversion from '_Ty' to 'int', possible loss of data
D:\Avans\Minor\periode 2\LinearAlgabra\LinearAlga_opdr1\LinearAlga_opdr1\Matrix.cpp(172,24): warning C4244:         with
D:\Avans\Minor\periode 2\LinearAlgabra\LinearAlga_opdr1\LinearAlga_opdr1\Matrix.cpp(172,24): warning C4244:         [
D:\Avans\Minor\periode 2\LinearAlgabra\LinearAlga_opdr1\LinearAlga_opdr1\Matrix.cpp(172,24): warning C4244:             _Ty=float
D:\Avans\Minor\periode 2\LinearAlgabra\LinearAlga_opdr1\LinearAlga_opdr1\Matrix.cpp(172,24): warning C4244:         ]
D:\Avans\Minor\periode 2\LinearAlgabra\LinearAlga_opdr1\LinearAlga_opdr1\Matrix.cpp(173,24): warning C4244: '+=': conversion from '_Ty' to 'int', possible loss of data
D:\Avans\Minor\periode 2\LinearAlgabra\LinearAlga_opdr1\LinearAlga_opdr1\Matrix.cpp(173,24): warning C4244:         with
D:\Avans\Minor\periode 2\LinearAlgabra\LinearAlga_opdr1\LinearAlga_opdr1\Matrix.cpp(173,24): warning C4244:         [
D:\Avans\Minor\periode 2\LinearAlgabra\LinearAlga_opdr1\LinearAlga_opdr1\Matrix.cpp(173,24): warning C4244:             _Ty=float
D:\Avans\Minor\periode 2\LinearAlgabra\LinearAlga_opdr1\LinearAlga_opdr1\Matrix.cpp(173,24): warning C4244:         ]
D:\Avans\Minor\periode 2\LinearAlgabra\LinearAlga_opdr1\LinearAlga_opdr1\Matrix.cpp(175,25): warning C4244: '+=': conversion from '_Ty' to 'int', possible loss of data
D:\Avans\Minor\periode 2\LinearAlgabra\LinearAlga_opdr1\LinearAlga_opdr1\Matrix.cpp(175,25): warning C4244:         with
D:\Avans\Minor\periode 2\LinearAlgabra\LinearAlga_opdr1\LinearAlga_opdr1\Matrix.cpp(175,25): warning C4244:         [
D:\Avans\Minor\periode 2\LinearAlgabra\LinearAlga_opdr1\LinearAlga_opdr1\Matrix.cpp(175,25): warning C4244:             _Ty=float
D:\Avans\Minor\periode 2\LinearAlgabra\LinearAlga_opdr1\LinearAlga_opdr1\Matrix.cpp(175,25): warning C4244:         ]
D:\Avans\Minor\periode 2\LinearAlgabra\LinearAlga_opdr1\LinearAlga_opdr1\Matrix.cpp(176,25): warning C4244: '+=': conversion from '_Ty' to 'int', possible loss of data
D:\Avans\Minor\periode 2\LinearAlgabra\LinearAlga_opdr1\LinearAlga_opdr1\Matrix.cpp(176,25): warning C4244:         with
D:\Avans\Minor\periode 2\LinearAlgabra\LinearAlga_opdr1\LinearAlga_opdr1\Matrix.cpp(176,25): warning C4244:         [
D:\Avans\Minor\periode 2\LinearAlgabra\LinearAlga_opdr1\LinearAlga_opdr1\Matrix.cpp(176,25): warning C4244:             _Ty=float
D:\Avans\Minor\periode 2\LinearAlgabra\LinearAlga_opdr1\LinearAlga_opdr1\Matrix.cpp(176,25): warning C4244:         ]
D:\Avans\Minor\periode 2\LinearAlgabra\LinearAlga_opdr1\LinearAlga_opdr1\Matrix.cpp(179,21): warning C4244: 'argument': conversion from 'int' to 'float', possible loss of data
D:\Avans\Minor\periode 2\LinearAlgabra\LinearAlga_opdr1\LinearAlga_opdr1\Matrix.cpp(179,18): warning C4244: 'argument': conversion from 'int' to 'float', possible loss of data
D:\Avans\Minor\periode 2\LinearAlgabra\LinearAlga_opdr1\LinearAlga_opdr1\Matrix.cpp(72): warning C4715: 'Matrix::operator+': not all control paths return a value
D:\Avans\Minor\periode 2\LinearAlgabra\LinearAlga_opdr1\LinearAlga_opdr1\Matrix.cpp(111): warning C4715: 'Matrix::operator-': not all control paths return a value
  LinearAlga_opdr1.vcxproj -> D:\Avans\Minor\periode 2\LinearAlgabra\LinearAlga_opdr1\x64\Debug\LinearAlga_opdr1.exe
